[2022-02-28T14:59:36.206Z] Validating found git in: git
[2022-02-28T14:59:36.325Z] Using git 2.25.1 from git
[2022-02-28T14:59:36.407Z] > git rev-parse --git-dir [11ms]
[2022-02-28T14:59:36.419Z] Open repository: /home/ubuntu
[2022-02-28T14:59:36.583Z] > git symbolic-ref --short HEAD [11ms]
[2022-02-28T14:59:36.593Z] > git for-each-ref --format=%(refname)%00%(upstream:short)%00%(objectname)%00%(upstream:track) refs/heads/master refs/remotes/master [6ms]
[2022-02-28T14:59:36.604Z] > git for-each-ref --sort -committerdate --format %(refname) %(objectname) %(*objectname) [7ms]
[2022-02-28T14:59:36.607Z] > git remote --verbose [6ms]
[2022-02-28T14:59:36.632Z] > git config --get commit.template [13ms]
[2022-02-28T14:59:37.482Z] > git ls-files --stage -- /home/ubuntu/hello.c [5ms]
[2022-02-28T14:59:37.488Z] > git cat-file -s 5f9e656318828df55410a3fe93ef9962404717b7 [2ms]
[2022-02-28T14:59:41.694Z] > git symbolic-ref --short HEAD [4ms]
[2022-02-28T14:59:41.699Z] > git for-each-ref --format=%(refname)%00%(upstream:short)%00%(objectname)%00%(upstream:track) refs/heads/master refs/remotes/master [2ms]
[2022-02-28T14:59:41.708Z] > git for-each-ref --sort -committerdate --format %(refname) %(objectname) %(*objectname) [5ms]
[2022-02-28T14:59:41.710Z] > git remote --verbose [3ms]
[2022-02-28T14:59:41.720Z] > git config --get commit.template [2ms]
[2022-02-28T15:03:02.697Z] > git symbolic-ref --short HEAD [2ms]
[2022-02-28T15:03:02.703Z] > git for-each-ref --format=%(refname)%00%(upstream:short)%00%(objectname)%00%(upstream:track) refs/heads/master refs/remotes/master [2ms]
[2022-02-28T15:03:02.711Z] > git for-each-ref --sort -committerdate --format %(refname) %(objectname) %(*objectname) [4ms]
[2022-02-28T15:03:02.713Z] > git remote --verbose [2ms]
[2022-02-28T15:03:02.721Z] > git config --get commit.template [2ms]
[2022-02-28T15:03:07.772Z] > git symbolic-ref --short HEAD [2ms]
[2022-02-28T15:03:07.779Z] > git for-each-ref --format=%(refname)%00%(upstream:short)%00%(objectname)%00%(upstream:track) refs/heads/master refs/remotes/master [2ms]
[2022-02-28T15:03:07.788Z] > git for-each-ref --sort -committerdate --format %(refname) %(objectname) %(*objectname) [5ms]
[2022-02-28T15:03:07.790Z] > git remote --verbose [3ms]
[2022-02-28T15:03:07.805Z] > git config --get commit.template [3ms]
[2022-02-28T15:03:12.855Z] > git symbolic-ref --short HEAD [2ms]
[2022-02-28T15:03:12.860Z] > git for-each-ref --format=%(refname)%00%(upstream:short)%00%(objectname)%00%(upstream:track) refs/heads/master refs/remotes/master [1ms]
[2022-02-28T15:03:12.869Z] > git for-each-ref --sort -committerdate --format %(refname) %(objectname) %(*objectname) [5ms]
[2022-02-28T15:03:12.870Z] > git remote --verbose [2ms]
[2022-02-28T15:03:12.879Z] > git config --get commit.template [2ms]
[2022-02-28T15:03:17.487Z] > git add -A -- /home/ubuntu/.bash_history /home/ubuntu/.vscode-server/.f80445acd5a3dadef24aa209168452a3d97cc326.log /home/ubuntu/.vscode-server/.f80445acd5a3dadef24aa209168452a3d97cc326.pid /home/ubuntu/.vscode-server/.f80445acd5a3dadef24aa209168452a3d97cc326.token /home/ubuntu/.vscode-server/data/User/workspaceStorage/1508055243e899a8e09de5306cc83d46/ms-vscode.cpptools/.browse.VC.db /home/ubuntu/.vscode-server/data/User/workspaceStorage/1508055243e899a8e09de5306cc83d46/ms-vscode.cpptools/.browse.VC.db-shm /home/ubuntu/.vscode-server/data/User/workspaceStorage/1508055243e899a8e09de5306cc83d46/ms-vscode.cpptools/.browse.VC.db-wal /home/ubuntu/.vscode-server/data/User/workspaceStorage/1508055243e899a8e09de5306cc83d46/vscode.lock /home/ubuntu/.vscode-server/data/logs/20220228T062230/exthost19/exthost.log /home/ubuntu/.vscode-server/data/logs/20220228T062230/exthost19/output_logging_20220228T110600/2-Git.log /home/ubuntu/.vscode-server/data/logs/20220228T062230/exthost19/output_logging_20220228T110600/3-Git Graph.log /home/ubuntu/.vscode-server/data/logs/20220228T062230/remoteagent.log /home/ubuntu/.vscode-server/data/logs/20220228T062230/exthost20/exthost.log /home/ubuntu/.vscode-server/data/logs/20220228T062230/exthost20/output_logging_20220228T112550/1-Git Graph.log /home/ubuntu/.vscode-server/data/logs/20220228T062230/exthost20/output_logging_20220228T112550/2-Git.log /home/ubuntu/.vscode-server/data/logs/20220228T062230/exthost21/exthost.log /home/ubuntu/.vscode-server/data/logs/20220228T062230/exthost21/output_logging_20220228T112616/1-remote-attach.log /home/ubuntu/.vscode-server/data/logs/20220228T062230/exthost21/output_logging_20220228T112616/2-Git Graph.log /home/ubuntu/.vscode-server/data/logs/20220228T062230/exthost21/output_logging_20220228T112616/3-Git.log /home/ubuntu/.vscode-server/data/logs/20220228T145902/exthost1/exthost.log /home/ubuntu/.vscode-server/data/logs/20220228T145902/exthost1/output_logging_20220228T145906/1-Git Graph.log /home/ubuntu/.vscode-server/data/logs/20220228T145902/exthost1/output_logging_20220228T145906/2-Git.log /home/ubuntu/.vscode-server/data/logs/20220228T145902/exthost2/exthost.log /home/ubuntu/.vscode-server/data/logs/20220228T145902/exthost2/output_logging_20220228T145934/1-remote-attach.log /home/ubuntu/.vscode-server/data/logs/20220228T145902/exthost2/output_logging_20220228T145934/2-Git Graph.log /home/ubuntu/.vscode-server/data/logs/20220228T145902/exthost2/output_logging_20220228T145934/3-Git.log /home/ubuntu/.vscode-server/data/logs/20220228T145902/remoteagent.log [175ms]
[2022-02-28T15:03:17.553Z] > git symbolic-ref --short HEAD [2ms]
[2022-02-28T15:03:17.559Z] > git for-each-ref --format=%(refname)%00%(upstream:short)%00%(objectname)%00%(upstream:track) refs/heads/master refs/remotes/master [2ms]
[2022-02-28T15:03:17.568Z] > git for-each-ref --sort -committerdate --format %(refname) %(objectname) %(*objectname) [5ms]
[2022-02-28T15:03:17.571Z] > git remote --verbose [4ms]
[2022-02-28T15:03:17.579Z] > git config --get commit.template [2ms]
[2022-02-28T15:03:17.929Z] > git symbolic-ref --short HEAD [3ms]
[2022-02-28T15:03:17.936Z] > git for-each-ref --format=%(refname)%00%(upstream:short)%00%(objectname)%00%(upstream:track) refs/heads/master refs/remotes/master [3ms]
[2022-02-28T15:03:17.944Z] > git for-each-ref --sort -committerdate --format %(refname) %(objectname) %(*objectname) [4ms]
[2022-02-28T15:03:17.946Z] > git remote --verbose [2ms]
[2022-02-28T15:03:17.954Z] > git config --get commit.template [2ms]
[2022-02-28T15:03:19.066Z] > git ls-files --stage -- /home/ubuntu/hello.c [4ms]
[2022-02-28T15:03:19.071Z] > git cat-file -s 5f9e656318828df55410a3fe93ef9962404717b7 [2ms]
[2022-02-28T15:03:23.006Z] > git symbolic-ref --short HEAD [3ms]
[2022-02-28T15:03:23.011Z] > git for-each-ref --format=%(refname)%00%(upstream:short)%00%(objectname)%00%(upstream:track) refs/heads/master refs/remotes/master [2ms]
[2022-02-28T15:03:23.019Z] > git for-each-ref --sort -committerdate --format %(refname) %(objectname) %(*objectname) [5ms]
[2022-02-28T15:03:23.021Z] > git remote --verbose [3ms]
[2022-02-28T15:03:23.028Z] > git config --get commit.template [2ms]
[2022-02-28T15:03:28.079Z] > git symbolic-ref --short HEAD [2ms]
[2022-02-28T15:03:28.088Z] > git for-each-ref --format=%(refname)%00%(upstream:short)%00%(objectname)%00%(upstream:track) refs/heads/master refs/remotes/master [2ms]
[2022-02-28T15:03:28.098Z] > git for-each-ref --sort -committerdate --format %(refname) %(objectname) %(*objectname) [7ms]
[2022-02-28T15:03:28.100Z] > git remote --verbose [3ms]
[2022-02-28T15:03:28.108Z] > git config --get commit.template [2ms]
[2022-02-28T15:03:33.160Z] > git symbolic-ref --short HEAD [2ms]
[2022-02-28T15:03:33.166Z] > git for-each-ref --format=%(refname)%00%(upstream:short)%00%(objectname)%00%(upstream:track) refs/heads/master refs/remotes/master [2ms]
[2022-02-28T15:03:33.175Z] > git for-each-ref --sort -committerdate --format %(refname) %(objectname) %(*objectname) [6ms]
[2022-02-28T15:03:33.177Z] > git remote --verbose [3ms]
[2022-02-28T15:03:33.186Z] > git config --get commit.template [2ms]
[2022-02-28T15:03:38.237Z] > git symbolic-ref --short HEAD [3ms]
[2022-02-28T15:03:38.242Z] > git for-each-ref --format=%(refname)%00%(upstream:short)%00%(objectname)%00%(upstream:track) refs/heads/master refs/remotes/master [2ms]
[2022-02-28T15:03:38.250Z] > git for-each-ref --sort -committerdate --format %(refname) %(objectname) %(*objectname) [5ms]
[2022-02-28T15:03:38.252Z] > git remote --verbose [2ms]
[2022-02-28T15:03:38.262Z] > git config --get commit.template [2ms]
[2022-02-28T15:03:43.316Z] > git symbolic-ref --short HEAD [2ms]
[2022-02-28T15:03:43.321Z] > git for-each-ref --format=%(refname)%00%(upstream:short)%00%(objectname)%00%(upstream:track) refs/heads/master refs/remotes/master [2ms]
[2022-02-28T15:03:43.329Z] > git for-each-ref --sort -committerdate --format %(refname) %(objectname) %(*objectname) [5ms]
[2022-02-28T15:03:43.330Z] > git remote --verbose [2ms]
[2022-02-28T15:03:43.338Z] > git config --get commit.template [2ms]
[2022-02-28T15:03:48.388Z] > git symbolic-ref --short HEAD [2ms]
[2022-02-28T15:03:48.393Z] > git for-each-ref --format=%(refname)%00%(upstream:short)%00%(objectname)%00%(upstream:track) refs/heads/master refs/remotes/master [1ms]
[2022-02-28T15:03:48.401Z] > git for-each-ref --sort -committerdate --format %(refname) %(objectname) %(*objectname) [5ms]
[2022-02-28T15:03:48.403Z] > git remote --verbose [2ms]
[2022-02-28T15:03:48.411Z] > git config --get commit.template [1ms]
[2022-02-28T15:04:21.225Z] > git symbolic-ref --short HEAD [2ms]
[2022-02-28T15:04:21.232Z] > git for-each-ref --format=%(refname)%00%(upstream:short)%00%(objectname)%00%(upstream:track) refs/heads/master refs/remotes/master [1ms]
[2022-02-28T15:04:21.240Z] > git for-each-ref --sort -committerdate --format %(refname) %(objectname) %(*objectname) [5ms]
[2022-02-28T15:04:21.242Z] > git remote --verbose [2ms]
[2022-02-28T15:04:21.250Z] > git config --get commit.template [2ms]
[2022-02-28T15:04:26.301Z] > git symbolic-ref --short HEAD [2ms]
[2022-02-28T15:04:26.307Z] > git for-each-ref --format=%(refname)%00%(upstream:short)%00%(objectname)%00%(upstream:track) refs/heads/master refs/remotes/master [2ms]
[2022-02-28T15:04:26.315Z] > git for-each-ref --sort -committerdate --format %(refname) %(objectname) %(*objectname) [5ms]
[2022-02-28T15:04:26.317Z] > git remote --verbose [2ms]
[2022-02-28T15:04:26.324Z] > git config --get commit.template [1ms]
[2022-02-28T15:04:30.805Z] > git branch [2ms]
[2022-02-28T15:04:30.924Z] > git reset -q HEAD -- . [115ms]
[2022-02-28T15:04:31.002Z] > git symbolic-ref --short HEAD [2ms]
[2022-02-28T15:04:31.008Z] > git for-each-ref --format=%(refname)%00%(upstream:short)%00%(objectname)%00%(upstream:track) refs/heads/master refs/remotes/master [2ms]
[2022-02-28T15:04:31.016Z] > git for-each-ref --sort -committerdate --format %(refname) %(objectname) %(*objectname) [5ms]
[2022-02-28T15:04:31.018Z] > git remote --verbose [2ms]
[2022-02-28T15:04:31.034Z] > git config --get commit.template [9ms]
[2022-02-28T15:04:31.403Z] > git symbolic-ref --short HEAD [3ms]
[2022-02-28T15:04:31.408Z] > git for-each-ref --format=%(refname)%00%(upstream:short)%00%(objectname)%00%(upstream:track) refs/heads/master refs/remotes/master [2ms]
[2022-02-28T15:04:31.416Z] > git for-each-ref --sort -committerdate --format %(refname) %(objectname) %(*objectname) [5ms]
[2022-02-28T15:04:31.417Z] > git remote --verbose [2ms]
[2022-02-28T15:04:31.425Z] > git config --get commit.template [2ms]
[2022-02-28T15:04:32.619Z] > git ls-files --stage -- /home/ubuntu/hello.c [4ms]
[2022-02-28T15:04:32.624Z] > git cat-file -s 5f9e656318828df55410a3fe93ef9962404717b7 [1ms]
[2022-02-28T15:04:36.506Z] > git symbolic-ref --short HEAD [3ms]
[2022-02-28T15:04:36.511Z] > git for-each-ref --format=%(refname)%00%(upstream:short)%00%(objectname)%00%(upstream:track) refs/heads/master refs/remotes/master [2ms]
[2022-02-28T15:04:36.519Z] > git for-each-ref --sort -committerdate --format %(refname) %(objectname) %(*objectname) [5ms]
[2022-02-28T15:04:36.521Z] > git remote --verbose [2ms]
[2022-02-28T15:04:36.528Z] > git config --get commit.template [2ms]
[2022-02-28T15:04:41.614Z] > git symbolic-ref --short HEAD [5ms]
[2022-02-28T15:04:41.619Z] > git for-each-ref --format=%(refname)%00%(upstream:short)%00%(objectname)%00%(upstream:track) refs/heads/master refs/remotes/master [2ms]
[2022-02-28T15:04:41.627Z] > git for-each-ref --sort -committerdate --format %(refname) %(objectname) %(*objectname) [5ms]
[2022-02-28T15:04:41.629Z] > git remote --verbose [3ms]
[2022-02-28T15:04:41.637Z] > git config --get commit.template [2ms]
[2022-02-28T15:04:42.070Z] > git log --format=%H%n%aN%n%aE%n%at%n%ct%n%P%n%B -z -n21 -- /home/ubuntu/hello.c [3ms]
[2022-02-28T15:04:46.716Z] > git symbolic-ref --short HEAD [2ms]
[2022-02-28T15:04:46.721Z] > git for-each-ref --format=%(refname)%00%(upstream:short)%00%(objectname)%00%(upstream:track) refs/heads/master refs/remotes/master [2ms]
[2022-02-28T15:04:46.729Z] > git for-each-ref --sort -committerdate --format %(refname) %(objectname) %(*objectname) [5ms]
[2022-02-28T15:04:46.731Z] > git remote --verbose [2ms]
[2022-02-28T15:04:46.751Z] > git config --get commit.template [2ms]
[2022-02-28T15:04:51.830Z] > git symbolic-ref --short HEAD [2ms]
[2022-02-28T15:04:51.835Z] > git for-each-ref --format=%(refname)%00%(upstream:short)%00%(objectname)%00%(upstream:track) refs/heads/master refs/remotes/master [2ms]
[2022-02-28T15:04:51.845Z] > git for-each-ref --sort -committerdate --format %(refname) %(objectname) %(*objectname) [6ms]
[2022-02-28T15:04:51.848Z] > git remote --verbose [4ms]
[2022-02-28T15:04:51.855Z] > git config --get commit.template [1ms]
[2022-02-28T15:04:56.936Z] > git symbolic-ref --short HEAD [3ms]
[2022-02-28T15:04:56.941Z] > git for-each-ref --format=%(refname)%00%(upstream:short)%00%(objectname)%00%(upstream:track) refs/heads/master refs/remotes/master [2ms]
[2022-02-28T15:04:56.956Z] > git for-each-ref --sort -committerdate --format %(refname) %(objectname) %(*objectname) [13ms]
[2022-02-28T15:04:56.959Z] > git remote --verbose [3ms]
[2022-02-28T15:04:56.966Z] > git config --get commit.template [2ms]
[2022-02-28T15:04:59.282Z] > git rev-list --count 974b1f7bd444fb2e1c3de807970c6e80f3e4e1bd.. -- /home/ubuntu/hello.c [2ms]
[2022-02-28T15:04:59.288Z] > git log --format=%H%n%aN%n%aE%n%at%n%ct%n%P%n%B -z -n2 -- /home/ubuntu/hello.c [2ms]
[2022-02-28T15:05:02.134Z] > git symbolic-ref --short HEAD [3ms]
[2022-02-28T15:05:02.144Z] > git for-each-ref --format=%(refname)%00%(upstream:short)%00%(objectname)%00%(upstream:track) refs/heads/master refs/remotes/master [2ms]
[2022-02-28T15:05:02.157Z] > git for-each-ref --sort -committerdate --format %(refname) %(objectname) %(*objectname) [8ms]
[2022-02-28T15:05:02.159Z] > git remote --verbose [3ms]
[2022-02-28T15:05:02.169Z] > git config --get commit.template [2ms]
[2022-02-28T15:05:07.248Z] > git symbolic-ref --short HEAD [2ms]
[2022-02-28T15:05:07.253Z] > git for-each-ref --format=%(refname)%00%(upstream:short)%00%(objectname)%00%(upstream:track) refs/heads/master refs/remotes/master [2ms]
[2022-02-28T15:05:07.263Z] > git for-each-ref --sort -committerdate --format %(refname) %(objectname) %(*objectname) [6ms]
[2022-02-28T15:05:07.265Z] > git remote --verbose [3ms]
[2022-02-28T15:05:07.274Z] > git config --get commit.template [2ms]
[2022-02-28T15:05:12.353Z] > git symbolic-ref --short HEAD [2ms]
[2022-02-28T15:05:12.358Z] > git for-each-ref --format=%(refname)%00%(upstream:short)%00%(objectname)%00%(upstream:track) refs/heads/master refs/remotes/master [1ms]
[2022-02-28T15:05:12.367Z] > git for-each-ref --sort -committerdate --format %(refname) %(objectname) %(*objectname) [5ms]
[2022-02-28T15:05:12.368Z] > git remote --verbose [2ms]
[2022-02-28T15:05:12.375Z] > git config --get commit.template [2ms]
[2022-02-28T15:05:17.627Z] > git symbolic-ref --short HEAD [172ms]
[2022-02-28T15:05:17.636Z] > git for-each-ref --format=%(refname)%00%(upstream:short)%00%(objectname)%00%(upstream:track) refs/heads/master refs/remotes/master [3ms]
[2022-02-28T15:05:17.647Z] > git for-each-ref --sort -committerdate --format %(refname) %(objectname) %(*objectname) [6ms]
[2022-02-28T15:05:17.649Z] > git remote --verbose [3ms]
[2022-02-28T15:05:17.659Z] > git config --get commit.template [3ms]
[2022-02-28T15:05:22.965Z] > git symbolic-ref --short HEAD [3ms]
[2022-02-28T15:05:22.971Z] > git for-each-ref --format=%(refname)%00%(upstream:short)%00%(objectname)%00%(upstream:track) refs/heads/master refs/remotes/master [2ms]
[2022-02-28T15:05:22.980Z] > git for-each-ref --sort -committerdate --format %(refname) %(objectname) %(*objectname) [6ms]
[2022-02-28T15:05:22.982Z] > git remote --verbose [3ms]
[2022-02-28T15:05:22.994Z] > git config --get commit.template [2ms]
[2022-02-28T15:05:28.079Z] > git symbolic-ref --short HEAD [2ms]
[2022-02-28T15:05:28.084Z] > git for-each-ref --format=%(refname)%00%(upstream:short)%00%(objectname)%00%(upstream:track) refs/heads/master refs/remotes/master [2ms]
[2022-02-28T15:05:28.093Z] > git for-each-ref --sort -committerdate --format %(refname) %(objectname) %(*objectname) [5ms]
[2022-02-28T15:05:28.095Z] > git remote --verbose [2ms]
[2022-02-28T15:05:28.103Z] > git config --get commit.template [2ms]
[2022-02-28T15:05:29.418Z] > git rev-list --count 974b1f7bd444fb2e1c3de807970c6e80f3e4e1bd.. -- /home/ubuntu/hello.c [3ms]
[2022-02-28T15:05:29.430Z] > git log --format=%H%n%aN%n%aE%n%at%n%ct%n%P%n%B -z -n2 -- /home/ubuntu/hello.c [8ms]
[2022-02-28T15:05:33.189Z] > git symbolic-ref --short HEAD [2ms]
[2022-02-28T15:05:33.195Z] > git for-each-ref --format=%(refname)%00%(upstream:short)%00%(objectname)%00%(upstream:track) refs/heads/master refs/remotes/master [2ms]
[2022-02-28T15:05:33.204Z] > git for-each-ref --sort -committerdate --format %(refname) %(objectname) %(*objectname) [5ms]
[2022-02-28T15:05:33.206Z] > git remote --verbose [2ms]
[2022-02-28T15:05:33.213Z] > git config --get commit.template [1ms]
[2022-02-28T15:05:38.309Z] > git symbolic-ref --short HEAD [6ms]
[2022-02-28T15:05:38.319Z] > git for-each-ref --format=%(refname)%00%(upstream:short)%00%(objectname)%00%(upstream:track) refs/heads/master refs/remotes/master [4ms]
[2022-02-28T15:05:38.328Z] > git for-each-ref --sort -committerdate --format %(refname) %(objectname) %(*objectname) [5ms]
[2022-02-28T15:05:38.330Z] > git remote --verbose [3ms]
[2022-02-28T15:05:38.337Z] > git config --get commit.template [2ms]
[2022-02-28T15:05:43.422Z] > git symbolic-ref --short HEAD [2ms]
[2022-02-28T15:05:43.429Z] > git for-each-ref --format=%(refname)%00%(upstream:short)%00%(objectname)%00%(upstream:track) refs/heads/master refs/remotes/master [2ms]
[2022-02-28T15:05:43.441Z] > git for-each-ref --sort -committerdate --format %(refname) %(objectname) %(*objectname) [7ms]
[2022-02-28T15:05:43.442Z] > git remote --verbose [2ms]
[2022-02-28T15:05:43.450Z] > git config --get commit.template [2ms]
[2022-02-28T15:05:48.532Z] > git symbolic-ref --short HEAD [2ms]
[2022-02-28T15:05:48.539Z] > git for-each-ref --format=%(refname)%00%(upstream:short)%00%(objectname)%00%(upstream:track) refs/heads/master refs/remotes/master [3ms]
[2022-02-28T15:05:48.548Z] > git for-each-ref --sort -committerdate --format %(refname) %(objectname) %(*objectname) [5ms]
[2022-02-28T15:05:48.550Z] > git remote --verbose [2ms]
[2022-02-28T15:05:48.558Z] > git config --get commit.template [2ms]
[2022-02-28T15:05:53.643Z] > git symbolic-ref --short HEAD [5ms]
[2022-02-28T15:05:53.649Z] > git for-each-ref --format=%(refname)%00%(upstream:short)%00%(objectname)%00%(upstream:track) refs/heads/master refs/remotes/master [2ms]
[2022-02-28T15:05:53.659Z] > git for-each-ref --sort -committerdate --format %(refname) %(objectname) %(*objectname) [6ms]
[2022-02-28T15:05:53.661Z] > git remote --verbose [2ms]
[2022-02-28T15:05:53.669Z] > git config --get commit.template [2ms]
[2022-02-28T15:05:58.753Z] > git symbolic-ref --short HEAD [3ms]
[2022-02-28T15:05:58.760Z] > git for-each-ref --format=%(refname)%00%(upstream:short)%00%(objectname)%00%(upstream:track) refs/heads/master refs/remotes/master [2ms]
[2022-02-28T15:05:58.773Z] > git for-each-ref --sort -committerdate --format %(refname) %(objectname) %(*objectname) [7ms]
[2022-02-28T15:05:58.774Z] > git remote --verbose [2ms]
[2022-02-28T15:05:58.785Z] > git config --get commit.template [2ms]
[2022-02-28T15:06:03.867Z] > git symbolic-ref --short HEAD [2ms]
[2022-02-28T15:06:03.874Z] > git for-each-ref --format=%(refname)%00%(upstream:short)%00%(objectname)%00%(upstream:track) refs/heads/master refs/remotes/master [2ms]
[2022-02-28T15:06:03.885Z] > git for-each-ref --sort -committerdate --format %(refname) %(objectname) %(*objectname) [6ms]
[2022-02-28T15:06:03.887Z] > git remote --verbose [3ms]
[2022-02-28T15:06:03.895Z] > git config --get commit.template [2ms]
[2022-02-28T15:06:09.127Z] > git symbolic-ref --short HEAD [2ms]
[2022-02-28T15:06:09.133Z] > git for-each-ref --format=%(refname)%00%(upstream:short)%00%(objectname)%00%(upstream:track) refs/heads/master refs/remotes/master [2ms]
[2022-02-28T15:06:09.142Z] > git for-each-ref --sort -committerdate --format %(refname) %(objectname) %(*objectname) [6ms]
[2022-02-28T15:06:09.144Z] > git remote --verbose [3ms]
[2022-02-28T15:06:09.153Z] > git config --get commit.template [2ms]
[2022-02-28T15:06:14.235Z] > git symbolic-ref --short HEAD [2ms]
[2022-02-28T15:06:14.241Z] > git for-each-ref --format=%(refname)%00%(upstream:short)%00%(objectname)%00%(upstream:track) refs/heads/master refs/remotes/master [2ms]
[2022-02-28T15:06:14.250Z] > git for-each-ref --sort -committerdate --format %(refname) %(objectname) %(*objectname) [5ms]
[2022-02-28T15:06:14.252Z] > git remote --verbose [2ms]
[2022-02-28T15:06:14.260Z] > git config --get commit.template [2ms]
[2022-02-28T15:06:19.342Z] > git symbolic-ref --short HEAD [2ms]
[2022-02-28T15:06:19.348Z] > git for-each-ref --format=%(refname)%00%(upstream:short)%00%(objectname)%00%(upstream:track) refs/heads/master refs/remotes/master [2ms]
[2022-02-28T15:06:19.358Z] > git for-each-ref --sort -committerdate --format %(refname) %(objectname) %(*objectname) [6ms]
[2022-02-28T15:06:19.372Z] > git remote --verbose [15ms]
[2022-02-28T15:06:19.382Z] > git config --get commit.template [2ms]
[2022-02-28T15:06:24.462Z] > git symbolic-ref --short HEAD [2ms]
[2022-02-28T15:06:24.467Z] > git for-each-ref --format=%(refname)%00%(upstream:short)%00%(objectname)%00%(upstream:track) refs/heads/master refs/remotes/master [1ms]
[2022-02-28T15:06:24.478Z] > git for-each-ref --sort -committerdate --format %(refname) %(objectname) %(*objectname) [7ms]
[2022-02-28T15:06:24.479Z] > git remote --verbose [3ms]
[2022-02-28T15:06:24.487Z] > git config --get commit.template [1ms]
[2022-02-28T15:06:29.489Z] git.stage 1
[2022-02-28T15:06:29.493Z] git.stage.scmResources 1
[2022-02-28T15:06:29.521Z] > git add -A -- /home/ubuntu/hello.c [23ms]
[2022-02-28T15:06:29.602Z] > git symbolic-ref --short HEAD [2ms]
[2022-02-28T15:06:29.608Z] > git for-each-ref --format=%(refname)%00%(upstream:short)%00%(objectname)%00%(upstream:track) refs/heads/master refs/remotes/master [2ms]
[2022-02-28T15:06:29.617Z] > git for-each-ref --sort -committerdate --format %(refname) %(objectname) %(*objectname) [6ms]
[2022-02-28T15:06:29.619Z] > git remote --verbose [3ms]
[2022-02-28T15:06:29.626Z] > git config --get commit.template [1ms]
[2022-02-28T15:06:29.706Z] > git symbolic-ref --short HEAD [2ms]
[2022-02-28T15:06:29.712Z] > git for-each-ref --format=%(refname)%00%(upstream:short)%00%(objectname)%00%(upstream:track) refs/heads/master refs/remotes/master [2ms]
[2022-02-28T15:06:29.743Z] > git remote --verbose [21ms]
[2022-02-28T15:06:29.743Z] > git for-each-ref --sort -committerdate --format %(refname) %(objectname) %(*objectname) [26ms]
[2022-02-28T15:06:29.752Z] > git config --get commit.template [2ms]
[2022-02-28T15:06:31.094Z] > git ls-files --stage -- /home/ubuntu/hello.c [3ms]
[2022-02-28T15:06:31.100Z] > git cat-file -s a78adb1b4a93c57243d2e7e07ab6873f49f8fe99 [2ms]
[2022-02-28T15:06:32.544Z] git.stage 1
[2022-02-28T15:06:32.545Z] git.stage.scmResources 1
[2022-02-28T15:06:32.563Z] > git add -A -- /home/ubuntu/hello [13ms]
[2022-02-28T15:06:32.642Z] > git symbolic-ref --short HEAD [2ms]
[2022-02-28T15:06:32.648Z] > git for-each-ref --format=%(refname)%00%(upstream:short)%00%(objectname)%00%(upstream:track) refs/heads/master refs/remotes/master [2ms]
[2022-02-28T15:06:32.659Z] > git for-each-ref --sort -committerdate --format %(refname) %(objectname) %(*objectname) [6ms]
[2022-02-28T15:06:32.661Z] > git remote --verbose [3ms]
[2022-02-28T15:06:32.668Z] > git config --get commit.template [1ms]
[2022-02-28T15:06:34.135Z] > git ls-files --stage -- /home/ubuntu/hello.c [3ms]
[2022-02-28T15:06:34.142Z] > git cat-file -s a78adb1b4a93c57243d2e7e07ab6873f49f8fe99 [3ms]
[2022-02-28T15:06:36.136Z] > git symbolic-ref --short HEAD [3ms]
[2022-02-28T15:06:36.141Z] > git for-each-ref --format=%(refname)%00%(upstream:short)%00%(objectname)%00%(upstream:track) refs/heads/master refs/remotes/master [1ms]
[2022-02-28T15:06:36.151Z] > git for-each-ref --sort -committerdate --format %(refname) %(objectname) %(*objectname) [6ms]
[2022-02-28T15:06:36.153Z] > git remote --verbose [3ms]
[2022-02-28T15:06:36.161Z] > git config --get commit.template [2ms]
[2022-02-28T15:06:50.863Z] > git symbolic-ref --short HEAD [2ms]
[2022-02-28T15:06:50.868Z] > git for-each-ref --format=%(refname)%00%(upstream:short)%00%(objectname)%00%(upstream:track) refs/heads/master refs/remotes/master [2ms]
[2022-02-28T15:06:50.877Z] > git for-each-ref --sort -committerdate --format %(refname) %(objectname) %(*objectname) [5ms]
[2022-02-28T15:06:50.879Z] > git remote --verbose [3ms]
[2022-02-28T15:06:50.886Z] > git config --get commit.template [2ms]
[2022-02-28T15:06:55.966Z] > git symbolic-ref --short HEAD [3ms]
[2022-02-28T15:06:55.971Z] > git for-each-ref --format=%(refname)%00%(upstream:short)%00%(objectname)%00%(upstream:track) refs/heads/master refs/remotes/master [1ms]
[2022-02-28T15:06:55.981Z] > git for-each-ref --sort -committerdate --format %(refname) %(objectname) %(*objectname) [5ms]
[2022-02-28T15:06:55.983Z] > git remote --verbose [2ms]
[2022-02-28T15:06:55.991Z] > git config --get commit.template [2ms]
[2022-02-28T15:07:01.074Z] > git symbolic-ref --short HEAD [2ms]
[2022-02-28T15:07:01.080Z] > git for-each-ref --format=%(refname)%00%(upstream:short)%00%(objectname)%00%(upstream:track) refs/heads/master refs/remotes/master [1ms]
[2022-02-28T15:07:01.091Z] > git for-each-ref --sort -committerdate --format %(refname) %(objectname) %(*objectname) [6ms]
[2022-02-28T15:07:01.092Z] > git remote --verbose [2ms]
[2022-02-28T15:07:01.101Z] > git config --get commit.template [2ms]
[2022-02-28T15:07:06.183Z] > git symbolic-ref --short HEAD [3ms]
[2022-02-28T15:07:06.188Z] > git for-each-ref --format=%(refname)%00%(upstream:short)%00%(objectname)%00%(upstream:track) refs/heads/master refs/remotes/master [1ms]
[2022-02-28T15:07:06.198Z] > git for-each-ref --sort -committerdate --format %(refname) %(objectname) %(*objectname) [6ms]
[2022-02-28T15:07:06.200Z] > git remote --verbose [3ms]
[2022-02-28T15:07:06.208Z] > git config --get commit.template [2ms]
[2022-02-28T15:07:11.288Z] > git symbolic-ref --short HEAD [2ms]
[2022-02-28T15:07:11.294Z] > git for-each-ref --format=%(refname)%00%(upstream:short)%00%(objectname)%00%(upstream:track) refs/heads/master refs/remotes/master [1ms]
[2022-02-28T15:07:11.306Z] > git for-each-ref --sort -committerdate --format %(refname) %(objectname) %(*objectname) [7ms]
[2022-02-28T15:07:11.308Z] > git remote --verbose [3ms]
[2022-02-28T15:07:11.318Z] > git config --get commit.template [2ms]
[2022-02-28T15:07:16.399Z] > git symbolic-ref --short HEAD [2ms]
[2022-02-28T15:07:16.405Z] > git for-each-ref --format=%(refname)%00%(upstream:short)%00%(objectname)%00%(upstream:track) refs/heads/master refs/remotes/master [2ms]
[2022-02-28T15:07:16.417Z] > git for-each-ref --sort -committerdate --format %(refname) %(objectname) %(*objectname) [6ms]
[2022-02-28T15:07:16.418Z] > git remote --verbose [2ms]
[2022-02-28T15:07:16.427Z] > git config --get commit.template [2ms]
[2022-02-28T15:07:21.510Z] > git symbolic-ref --short HEAD [3ms]
[2022-02-28T15:07:21.516Z] > git for-each-ref --format=%(refname)%00%(upstream:short)%00%(objectname)%00%(upstream:track) refs/heads/master refs/remotes/master [2ms]
[2022-02-28T15:07:21.525Z] > git for-each-ref --sort -committerdate --format %(refname) %(objectname) %(*objectname) [5ms]
[2022-02-28T15:07:21.527Z] > git remote --verbose [3ms]
[2022-02-28T15:07:21.537Z] > git config --get commit.template [2ms]
[2022-02-28T15:07:22.836Z] > git rev-list --count 974b1f7bd444fb2e1c3de807970c6e80f3e4e1bd.. -- /home/ubuntu/hello.c [3ms]
[2022-02-28T15:07:22.843Z] > git log --format=%H%n%aN%n%aE%n%at%n%ct%n%P%n%B -z -n2 -- /home/ubuntu/hello.c [2ms]
[2022-02-28T15:07:26.619Z] > git symbolic-ref --short HEAD [2ms]
[2022-02-28T15:07:26.625Z] > git for-each-ref --format=%(refname)%00%(upstream:short)%00%(objectname)%00%(upstream:track) refs/heads/master refs/remotes/master [2ms]
[2022-02-28T15:07:26.634Z] > git for-each-ref --sort -committerdate --format %(refname) %(objectname) %(*objectname) [5ms]
[2022-02-28T15:07:26.636Z] > git remote --verbose [2ms]
[2022-02-28T15:07:26.643Z] > git config --get commit.template [1ms]
[2022-02-28T15:07:31.724Z] > git symbolic-ref --short HEAD [2ms]
[2022-02-28T15:07:31.730Z] > git for-each-ref --format=%(refname)%00%(upstream:short)%00%(objectname)%00%(upstream:track) refs/heads/master refs/remotes/master [2ms]
[2022-02-28T15:07:31.739Z] > git for-each-ref --sort -committerdate --format %(refname) %(objectname) %(*objectname) [5ms]
[2022-02-28T15:07:31.741Z] > git remote --verbose [3ms]
[2022-02-28T15:07:31.750Z] > git config --get commit.template [1ms]
[2022-02-28T15:07:31.757Z] git.stage 1
[2022-02-28T15:07:31.758Z] git.stage.scmResources 1
[2022-02-28T15:07:31.774Z] > git add -A -- /home/ubuntu/a.out [12ms]
[2022-02-28T15:07:31.873Z] > git symbolic-ref --short HEAD [3ms]
[2022-02-28T15:07:31.880Z] > git for-each-ref --format=%(refname)%00%(upstream:short)%00%(objectname)%00%(upstream:track) refs/heads/master refs/remotes/master [2ms]
[2022-02-28T15:07:31.890Z] > git for-each-ref --sort -committerdate --format %(refname) %(objectname) %(*objectname) [6ms]
[2022-02-28T15:07:31.892Z] > git remote --verbose [2ms]
[2022-02-28T15:07:31.900Z] > git config --get commit.template [2ms]
[2022-02-28T15:07:33.553Z] > git ls-files --stage -- /home/ubuntu/hello.c [3ms]
[2022-02-28T15:07:33.559Z] > git cat-file -s a78adb1b4a93c57243d2e7e07ab6873f49f8fe99 [2ms]
[2022-02-28T15:07:36.832Z] > git symbolic-ref --short HEAD [3ms]
[2022-02-28T15:07:36.837Z] > git for-each-ref --format=%(refname)%00%(upstream:short)%00%(objectname)%00%(upstream:track) refs/heads/master refs/remotes/master [1ms]
[2022-02-28T15:07:36.847Z] > git for-each-ref --sort -committerdate --format %(refname) %(objectname) %(*objectname) [6ms]
[2022-02-28T15:07:36.848Z] > git remote --verbose [2ms]
[2022-02-28T15:07:36.856Z] > git config --get commit.template [2ms]
[2022-02-28T15:07:41.938Z] > git symbolic-ref --short HEAD [2ms]
[2022-02-28T15:07:41.944Z] > git for-each-ref --format=%(refname)%00%(upstream:short)%00%(objectname)%00%(upstream:track) refs/heads/master refs/remotes/master [2ms]
[2022-02-28T15:07:41.954Z] > git for-each-ref --sort -committerdate --format %(refname) %(objectname) %(*objectname) [5ms]
[2022-02-28T15:07:41.956Z] > git remote --verbose [3ms]
[2022-02-28T15:07:41.963Z] > git config --get commit.template [1ms]
[2022-02-28T15:07:43.026Z] > git -c user.useConfigOnly=true commit --quiet --allow-empty-message --file - [116ms]
[2022-02-28T15:07:43.101Z] > git symbolic-ref --short HEAD [2ms]
[2022-02-28T15:07:43.107Z] > git for-each-ref --format=%(refname)%00%(upstream:short)%00%(objectname)%00%(upstream:track) refs/heads/master refs/remotes/master [2ms]
[2022-02-28T15:07:43.118Z] > git for-each-ref --sort -committerdate --format %(refname) %(objectname) %(*objectname) [6ms]
[2022-02-28T15:07:43.120Z] > git remote --verbose [3ms]
[2022-02-28T15:07:43.128Z] > git config --get commit.template [2ms]
[2022-02-28T15:07:43.134Z] > git config --get commit.template [1ms]
[2022-02-28T15:07:44.612Z] > git ls-files --stage -- /home/ubuntu/hello.c [4ms]
[2022-02-28T15:07:44.618Z] > git cat-file -s a78adb1b4a93c57243d2e7e07ab6873f49f8fe99 [2ms]
[2022-02-28T15:07:47.036Z] > git symbolic-ref --short HEAD [3ms]
[2022-02-28T15:07:47.042Z] > git for-each-ref --format=%(refname)%00%(upstream:short)%00%(objectname)%00%(upstream:track) refs/heads/master refs/remotes/master [2ms]
[2022-02-28T15:07:47.051Z] > git for-each-ref --sort -committerdate --format %(refname) %(objectname) %(*objectname) [5ms]
[2022-02-28T15:07:47.053Z] > git remote --verbose [2ms]
[2022-02-28T15:07:47.062Z] > git config --get commit.template [2ms]
[2022-02-28T15:07:54.381Z] > git symbolic-ref --short HEAD [2ms]
[2022-02-28T15:07:54.387Z] > git for-each-ref --format=%(refname)%00%(upstream:short)%00%(objectname)%00%(upstream:track) refs/heads/master refs/remotes/master [2ms]
[2022-02-28T15:07:54.395Z] > git for-each-ref --sort -committerdate --format %(refname) %(objectname) %(*objectname) [5ms]
[2022-02-28T15:07:54.397Z] > git remote --verbose [2ms]
[2022-02-28T15:07:54.404Z] > git config --get commit.template [2ms]
[2022-02-28T15:07:59.477Z] > git symbolic-ref --short HEAD [3ms]
[2022-02-28T15:07:59.484Z] > git for-each-ref --format=%(refname)%00%(upstream:short)%00%(objectname)%00%(upstream:track) refs/heads/master refs/remotes/master [2ms]
[2022-02-28T15:07:59.495Z] > git for-each-ref --sort -committerdate --format %(refname) %(objectname) %(*objectname) [6ms]
[2022-02-28T15:07:59.497Z] > git remote --verbose [3ms]
[2022-02-28T15:07:59.506Z] > git config --get commit.template [2ms]
[2022-02-28T15:08:04.578Z] > git symbolic-ref --short HEAD [2ms]
[2022-02-28T15:08:04.584Z] > git for-each-ref --format=%(refname)%00%(upstream:short)%00%(objectname)%00%(upstream:track) refs/heads/master refs/remotes/master [2ms]
[2022-02-28T15:08:04.595Z] > git for-each-ref --sort -committerdate --format %(refname) %(objectname) %(*objectname) [7ms]
[2022-02-28T15:08:04.597Z] > git remote --verbose [3ms]
[2022-02-28T15:08:04.607Z] > git config --get commit.template [2ms]
[2022-02-28T15:08:09.681Z] > git symbolic-ref --short HEAD [3ms]
[2022-02-28T15:08:09.686Z] > git for-each-ref --format=%(refname)%00%(upstream:short)%00%(objectname)%00%(upstream:track) refs/heads/master refs/remotes/master [1ms]
[2022-02-28T15:08:09.696Z] > git for-each-ref --sort -committerdate --format %(refname) %(objectname) %(*objectname) [6ms]
[2022-02-28T15:08:09.697Z] > git remote --verbose [2ms]
[2022-02-28T15:08:09.706Z] > git config --get commit.template [2ms]
[2022-02-28T15:08:14.780Z] > git symbolic-ref --short HEAD [2ms]
[2022-02-28T15:08:14.786Z] > git for-each-ref --format=%(refname)%00%(upstream:short)%00%(objectname)%00%(upstream:track) refs/heads/master refs/remotes/master [2ms]
[2022-02-28T15:08:14.795Z] > git for-each-ref --sort -committerdate --format %(refname) %(objectname) %(*objectname) [6ms]
[2022-02-28T15:08:14.797Z] > git remote --verbose [3ms]
[2022-02-28T15:08:14.806Z] > git config --get commit.template [2ms]
[2022-02-28T15:08:20.240Z] > git symbolic-ref --short HEAD [10ms]
[2022-02-28T15:08:20.317Z] > git for-each-ref --format=%(refname)%00%(upstream:short)%00%(objectname)%00%(upstream:track) refs/heads/master refs/remotes/master [37ms]
[2022-02-28T15:08:20.416Z] > git remote --verbose [61ms]
[2022-02-28T15:08:20.425Z] > git for-each-ref --sort -committerdate --format %(refname) %(objectname) %(*objectname) [77ms]
[2022-02-28T15:08:20.451Z] > git config --get commit.template [4ms]
[2022-02-28T15:08:25.526Z] > git symbolic-ref --short HEAD [3ms]
[2022-02-28T15:08:25.533Z] > git for-each-ref --format=%(refname)%00%(upstream:short)%00%(objectname)%00%(upstream:track) refs/heads/master refs/remotes/master [2ms]
[2022-02-28T15:08:25.547Z] > git for-each-ref --sort -committerdate --format %(refname) %(objectname) %(*objectname) [8ms]
[2022-02-28T15:08:25.551Z] > git remote --verbose [5ms]
[2022-02-28T15:08:25.561Z] > git config --get commit.template [3ms]
