[2022-02-28 10:35:35.261] [exthost] [info] Extension host with pid 12011 started
[2022-02-28 10:35:35.270] [exthost] [info] Lock '/home/ubuntu/.vscode-server/data/User/workspaceStorage/1508055243e899a8e09de5306cc83d46/vscode.lock': Lock acquired.
[2022-02-28 10:35:35.968] [exthost] [info] ExtensionService#_doActivateExtension vscode.debug-auto-launch, startup: true, activationEvent: '*'
[2022-02-28 10:35:35.977] [exthost] [info] ExtensionService#_doActivateExtension vscode.git-base, startup: true, activationEvent: '*', root cause: vscode.github
[2022-02-28 10:35:36.565] [exthost] [info] ExtensionService#_doActivateExtension ms-vscode.cpptools, startup: false, activationEvent: 'onLanguage:c'
[2022-02-28 10:35:39.135] [exthost] [info] ExtensionService#_doActivateExtension vscode.git, startup: true, activationEvent: '*'
[2022-02-28 10:35:39.219] [exthost] [info] ExtensionService#_doActivateExtension vscode.github, startup: true, activationEvent: '*'
[2022-02-28 10:35:39.847] [exthost] [info] ExtensionService#_doActivateExtension vscode.emmet, startup: false, activationEvent: 'onStartupFinished'
[2022-02-28 10:35:39.874] [exthost] [info] ExtensionService#_doActivateExtension vscode.merge-conflict, startup: false, activationEvent: 'onStartupFinished'
[2022-02-28 10:35:39.882] [exthost] [info] Eager extensions activated
[2022-02-28 10:35:50.448] [exthost] [info] ExtensionService#_doActivateExtension vscode.grunt, startup: false, activationEvent: 'onTaskType:grunt'
[2022-02-28 10:35:50.455] [exthost] [info] ExtensionService#_doActivateExtension vscode.gulp, startup: false, activationEvent: 'onTaskType:gulp'
[2022-02-28 10:35:50.460] [exthost] [info] ExtensionService#_doActivateExtension vscode.jake, startup: false, activationEvent: 'onTaskType:jake'
[2022-02-28 10:35:50.465] [exthost] [info] ExtensionService#_doActivateExtension vscode.npm, startup: false, activationEvent: 'onTaskType:npm'
[2022-02-28 10:35:50.511] [exthost] [info] ExtensionService#_doActivateExtension vscode.typescript-language-features, startup: false, activationEvent: 'onTaskType:typescript'
[2022-02-28 10:35:52.818] [exthost] [info] ExtensionService#_doActivateExtension vscode.configuration-editing, startup: false, activationEvent: 'onLanguage:json'
[2022-02-28 10:35:52.827] [exthost] [info] ExtensionService#_doActivateExtension vscode.extension-editing, startup: false, activationEvent: 'onLanguage:json'
[2022-02-28 10:35:52.849] [exthost] [info] ExtensionService#_doActivateExtension vscode.json-language-features, startup: false, activationEvent: 'onLanguage:json'
[2022-02-28 10:37:03.130] [exthost] [info] extension host terminating: received terminate message from renderer
[2022-02-28 10:37:03.131] [exthost] [info] Lock '/home/ubuntu/.vscode-server/data/User/workspaceStorage/1508055243e899a8e09de5306cc83d46/vscode.lock': Marking the lockfile as scheduled to be released in 6000 ms.
[2022-02-28 10:37:03.173] [exthost] [info] Extension host with pid 12011 exiting with code 0
