[2022-02-28T11:26:18.101Z] Validating found git in: git
[2022-02-28T11:26:18.159Z] Using git 2.25.1 from git
[2022-02-28T11:26:18.238Z] > git rev-parse --git-dir [13ms]
[2022-02-28T11:26:18.246Z] Open repository: /home/ubuntu
[2022-02-28T11:26:18.375Z] > git symbolic-ref --short HEAD [13ms]
[2022-02-28T11:26:18.397Z] > git for-each-ref --format=%(refname)%00%(upstream:short)%00%(objectname)%00%(upstream:track) refs/heads/master refs/remotes/master [17ms]
[2022-02-28T11:26:18.412Z] > git for-each-ref --sort -committerdate --format %(refname) %(objectname) %(*objectname) [8ms]
[2022-02-28T11:26:18.417Z] > git remote --verbose [8ms]
[2022-02-28T11:26:18.439Z] > git config --get commit.template [12ms]
[2022-02-28T11:26:20.000Z] > git symbolic-ref --short HEAD [40ms]
[2022-02-28T11:26:20.025Z] > git ls-files --stage -- /home/ubuntu/hello.c [31ms]
[2022-02-28T11:26:20.067Z] > git for-each-ref --format=%(refname)%00%(upstream:short)%00%(objectname)%00%(upstream:track) refs/heads/master refs/remotes/master [43ms]
[2022-02-28T11:26:20.095Z] > git remote --verbose [2ms]
[2022-02-28T11:26:20.096Z] > git for-each-ref --sort -committerdate --format %(refname) %(objectname) %(*objectname) [18ms]
[2022-02-28T11:26:20.103Z] > git cat-file -s 5f9e656318828df55410a3fe93ef9962404717b7 [59ms]
[2022-02-28T11:26:20.139Z] > git config --get commit.template [27ms]
[2022-02-28T11:26:25.446Z] > git symbolic-ref --short HEAD [3ms]
[2022-02-28T11:26:25.452Z] > git for-each-ref --format=%(refname)%00%(upstream:short)%00%(objectname)%00%(upstream:track) refs/heads/master refs/remotes/master [2ms]
[2022-02-28T11:26:25.461Z] > git for-each-ref --sort -committerdate --format %(refname) %(objectname) %(*objectname) [5ms]
[2022-02-28T11:26:25.464Z] > git remote --verbose [4ms]
[2022-02-28T11:26:25.476Z] > git config --get commit.template [2ms]
[2022-02-28T11:26:30.529Z] > git symbolic-ref --short HEAD [2ms]
[2022-02-28T11:26:30.535Z] > git for-each-ref --format=%(refname)%00%(upstream:short)%00%(objectname)%00%(upstream:track) refs/heads/master refs/remotes/master [2ms]
[2022-02-28T11:26:30.543Z] > git for-each-ref --sort -committerdate --format %(refname) %(objectname) %(*objectname) [5ms]
[2022-02-28T11:26:30.545Z] > git remote --verbose [2ms]
[2022-02-28T11:26:30.553Z] > git config --get commit.template [2ms]
[2022-02-28T11:26:42.451Z] > git symbolic-ref --short HEAD [2ms]
[2022-02-28T11:26:42.458Z] > git for-each-ref --format=%(refname)%00%(upstream:short)%00%(objectname)%00%(upstream:track) refs/heads/master refs/remotes/master [3ms]
[2022-02-28T11:26:42.467Z] > git for-each-ref --sort -committerdate --format %(refname) %(objectname) %(*objectname) [5ms]
[2022-02-28T11:26:42.469Z] > git remote --verbose [3ms]
[2022-02-28T11:26:42.479Z] > git config --get commit.template [2ms]
